<?xml version="1.0" encoding="UTF-8"?>
<testsuite name="ru.mirea.demo.Task11ApplicationTests" tests="1" skipped="0" failures="0" errors="0" timestamp="2021-04-01T10:41:27" hostname="WIN-T6DSQV96TSM" time="0.141">
  <properties/>
  <testcase name="contextLoads()" classname="ru.mirea.demo.Task11ApplicationTests" time="0.141"/>
  <system-out><![CDATA[13:41:25.385 [Test worker] DEBUG org.springframework.test.context.BootstrapUtils - Instantiating CacheAwareContextLoaderDelegate from class [org.springframework.test.context.cache.DefaultCacheAwareContextLoaderDelegate]
13:41:25.396 [Test worker] DEBUG org.springframework.test.context.BootstrapUtils - Instantiating BootstrapContext using constructor [public org.springframework.test.context.support.DefaultBootstrapContext(java.lang.Class,org.springframework.test.context.CacheAwareContextLoaderDelegate)]
13:41:25.424 [Test worker] DEBUG org.springframework.test.context.BootstrapUtils - Instantiating TestContextBootstrapper for test class [ru.mirea.demo.Task11ApplicationTests] from class [org.springframework.boot.test.context.SpringBootTestContextBootstrapper]
13:41:25.434 [Test worker] INFO org.springframework.boot.test.context.SpringBootTestContextBootstrapper - Neither @ContextConfiguration nor @ContextHierarchy found for test class [ru.mirea.demo.Task11ApplicationTests], using SpringBootContextLoader
13:41:25.437 [Test worker] DEBUG org.springframework.test.context.support.AbstractContextLoader - Did not detect default resource location for test class [ru.mirea.demo.Task11ApplicationTests]: class path resource [ru/mirea/demo/Task11ApplicationTests-context.xml] does not exist
13:41:25.437 [Test worker] DEBUG org.springframework.test.context.support.AbstractContextLoader - Did not detect default resource location for test class [ru.mirea.demo.Task11ApplicationTests]: class path resource [ru/mirea/demo/Task11ApplicationTestsContext.groovy] does not exist
13:41:25.437 [Test worker] INFO org.springframework.test.context.support.AbstractContextLoader - Could not detect default resource locations for test class [ru.mirea.demo.Task11ApplicationTests]: no resource found for suffixes {-context.xml, Context.groovy}.
13:41:25.438 [Test worker] INFO org.springframework.test.context.support.AnnotationConfigContextLoaderUtils - Could not detect default configuration classes for test class [ru.mirea.demo.Task11ApplicationTests]: Task11ApplicationTests does not declare any static, non-private, non-final, nested classes annotated with @Configuration.
13:41:25.473 [Test worker] DEBUG org.springframework.test.context.support.ActiveProfilesUtils - Could not find an 'annotation declaring class' for annotation type [org.springframework.test.context.ActiveProfiles] and class [ru.mirea.demo.Task11ApplicationTests]
13:41:25.521 [Test worker] DEBUG org.springframework.context.annotation.ClassPathScanningCandidateComponentProvider - Identified candidate component class: file [D:\Java\4sem\src\main\pr11\build\classes\java\main\ru\mirea\demo\Task11Application.class]
13:41:25.522 [Test worker] INFO org.springframework.boot.test.context.SpringBootTestContextBootstrapper - Found @SpringBootConfiguration ru.mirea.demo.Task11Application for test class ru.mirea.demo.Task11ApplicationTests
13:41:25.605 [Test worker] DEBUG org.springframework.boot.test.context.SpringBootTestContextBootstrapper - @TestExecutionListeners is not present for class [ru.mirea.demo.Task11ApplicationTests]: using defaults.
13:41:25.605 [Test worker] INFO org.springframework.boot.test.context.SpringBootTestContextBootstrapper - Loaded default TestExecutionListener class names from location [META-INF/spring.factories]: [org.springframework.boot.test.autoconfigure.restdocs.RestDocsTestExecutionListener, org.springframework.boot.test.autoconfigure.web.client.MockRestServiceServerResetTestExecutionListener, org.springframework.boot.test.autoconfigure.web.servlet.MockMvcPrintOnlyOnFailureTestExecutionListener, org.springframework.boot.test.autoconfigure.web.servlet.WebDriverTestExecutionListener, org.springframework.boot.test.autoconfigure.webservices.client.MockWebServiceServerTestExecutionListener, org.springframework.boot.test.mock.mockito.MockitoTestExecutionListener, org.springframework.boot.test.mock.mockito.ResetMocksTestExecutionListener, org.springframework.test.context.web.ServletTestExecutionListener, org.springframework.test.context.support.DirtiesContextBeforeModesTestExecutionListener, org.springframework.test.context.event.ApplicationEventsTestExecutionListener, org.springframework.test.context.support.DependencyInjectionTestExecutionListener, org.springframework.test.context.support.DirtiesContextTestExecutionListener, org.springframework.test.context.transaction.TransactionalTestExecutionListener, org.springframework.test.context.jdbc.SqlScriptsTestExecutionListener, org.springframework.test.context.event.EventPublishingTestExecutionListener]
13:41:25.615 [Test worker] DEBUG org.springframework.boot.test.context.SpringBootTestContextBootstrapper - Skipping candidate TestExecutionListener [org.springframework.test.context.transaction.TransactionalTestExecutionListener] due to a missing dependency. Specify custom listener classes or make the default listener classes and their required dependencies available. Offending class: [org/springframework/transaction/interceptor/TransactionAttributeSource]
13:41:25.615 [Test worker] DEBUG org.springframework.boot.test.context.SpringBootTestContextBootstrapper - Skipping candidate TestExecutionListener [org.springframework.test.context.jdbc.SqlScriptsTestExecutionListener] due to a missing dependency. Specify custom listener classes or make the default listener classes and their required dependencies available. Offending class: [org/springframework/transaction/interceptor/TransactionAttribute]
13:41:25.616 [Test worker] INFO org.springframework.boot.test.context.SpringBootTestContextBootstrapper - Using TestExecutionListeners: [org.springframework.test.context.web.ServletTestExecutionListener@289e7303, org.springframework.test.context.support.DirtiesContextBeforeModesTestExecutionListener@17e56e2, org.springframework.test.context.event.ApplicationEventsTestExecutionListener@1ee55f71, org.springframework.boot.test.mock.mockito.MockitoTestExecutionListener@9ce8673, org.springframework.boot.test.autoconfigure.SpringBootDependencyInjectionTestExecutionListener@5293ea22, org.springframework.test.context.support.DirtiesContextTestExecutionListener@21a96fd4, org.springframework.test.context.event.EventPublishingTestExecutionListener@1583b247, org.springframework.boot.test.autoconfigure.restdocs.RestDocsTestExecutionListener@6803439a, org.springframework.boot.test.autoconfigure.web.client.MockRestServiceServerResetTestExecutionListener@250c6642, org.springframework.boot.test.autoconfigure.web.servlet.MockMvcPrintOnlyOnFailureTestExecutionListener@4f317af8, org.springframework.boot.test.autoconfigure.web.servlet.WebDriverTestExecutionListener@47a8f8d3, org.springframework.boot.test.autoconfigure.webservices.client.MockWebServiceServerTestExecutionListener@35457c2f, org.springframework.boot.test.mock.mockito.ResetMocksTestExecutionListener@733d22b3]
13:41:25.619 [Test worker] DEBUG org.springframework.test.context.support.AbstractDirtiesContextTestExecutionListener - Before test class: context [DefaultTestContext@3b4ea521 testClass = Task11ApplicationTests, testInstance = [null], testMethod = [null], testException = [null], mergedContextConfiguration = [WebMergedContextConfiguration@5a145776 testClass = Task11ApplicationTests, locations = '{}', classes = '{class ru.mirea.demo.Task11Application}', contextInitializerClasses = '[]', activeProfiles = '{}', propertySourceLocations = '{}', propertySourceProperties = '{org.springframework.boot.test.context.SpringBootTestContextBootstrapper=true}', contextCustomizers = set[org.springframework.boot.test.autoconfigure.actuate.metrics.MetricsExportContextCustomizerFactory$DisableMetricExportContextCustomizer@6a842015, org.springframework.boot.test.autoconfigure.properties.PropertyMappingContextCustomizer@0, org.springframework.boot.test.autoconfigure.web.servlet.WebDriverContextCustomizerFactory$Customizer@3e9cc479, org.springframework.boot.test.context.filter.ExcludeFilterContextCustomizer@6456e96e, org.springframework.boot.test.json.DuplicateJsonObjectContextCustomizerFactory$DuplicateJsonObjectContextCustomizer@d635dea, org.springframework.boot.test.mock.mockito.MockitoContextCustomizer@0, org.springframework.boot.test.web.client.TestRestTemplateContextCustomizer@dbfed80, org.springframework.boot.test.context.SpringBootTestArgs@1, org.springframework.boot.test.context.SpringBootTestWebEnvironment@68bf4b83], resourceBasePath = 'src/main/webapp', contextLoader = 'org.springframework.boot.test.context.SpringBootContextLoader', parent = [null]], attributes = map['org.springframework.test.context.web.ServletTestExecutionListener.activateListener' -> true]], class annotated with @DirtiesContext [false] with mode [null].
13:41:25.644 [Test worker] DEBUG org.springframework.test.context.support.TestPropertySourceUtils - Adding inlined properties to environment: {spring.jmx.enabled=false, org.springframework.boot.test.context.SpringBootTestContextBootstrapper=true}

  .   ____          _            __ _ _
 /\\ / ___'_ __ _ _(_)_ __  __ _ \ \ \ \
( ( )\___ | '_ | '_| | '_ \/ _` | \ \ \ \
 \\/  ___)| |_)| | | | | || (_| |  ) ) ) )
  '  |____| .__|_| |_|_| |_\__, | / / / /
 =========|_|==============|___/=/_/_/_/
 :: Spring Boot ::                (v2.4.2)

2021-04-01 13:41:25.837  INFO 11524 --- [    Test worker] ru.mirea.demo.Task11ApplicationTests     : Starting Task11ApplicationTests using Java 1.8.0_282 on WIN-T6DSQV96TSM with PID 11524 (started by User in D:\Java\4sem\src\main\pr11)
2021-04-01 13:41:25.839  INFO 11524 --- [    Test worker] ru.mirea.demo.Task11ApplicationTests     : No active profile set, falling back to default profiles: default
2021-04-01 13:41:26.985  INFO 11524 --- [    Test worker] o.s.s.concurrent.ThreadPoolTaskExecutor  : Initializing ExecutorService 'applicationTaskExecutor'
2021-04-01 13:41:27.428  INFO 11524 --- [    Test worker] o.s.b.a.e.web.EndpointLinksResolver      : Exposing 13 endpoint(s) beneath base path '/actuator'
2021-04-01 13:41:27.475  INFO 11524 --- [    Test worker] ru.mirea.demo.Task11ApplicationTests     : Started Task11ApplicationTests in 1.825 seconds (JVM running for 2.851)
]]></system-out>
  <system-err><![CDATA[]]></system-err>
</testsuite>
